TN:canonical
SF:/repo/Sources/App/Processor.swift
FN:3,App.Processor.process(value:)
FN:7,App.Processor.process(text:)
FNDA:1,App.Processor.process(value:)
FNDA:0,App.Processor.process(text:)
DA:3,1
DA:4,1
DA:7,0
DA:8,0
end_of_record
SF:Sources/App/Extensions.swift
FN:5,Processor.extended()
FNDA:1,Processor.extended()
DA:5,1
end_of_record
SF:.build/generated/Generated.swift
FN:1,Generated.generated()
FNDA:1,Generated.generated()
DA:1,1
end_of_record
SF:Sources/App/Unused.swift
FN:2,Unused.unmatched()
FNDA:1,Unused.unmatched()
DA:2,1
end_of_record
